c:\users\sanand2\dropbox\myprojects\computer_vision\cascade_trainer\x64\debug\cascade_trainer.pch
c:\users\sanand2\dropbox\myprojects\computer_vision\cascade_trainer\x64\debug\vc140.pdb
c:\users\sanand2\dropbox\myprojects\computer_vision\cascade_trainer\x64\debug\vc140.idb
c:\users\sanand2\dropbox\myprojects\computer_vision\cascade_trainer\x64\debug\stdafx.obj
c:\users\sanand2\dropbox\myprojects\computer_vision\cascade_trainer\x64\debug\boost.obj
c:\users\sanand2\dropbox\myprojects\computer_vision\cascade_trainer\x64\debug\cascadeclassifier.obj
c:\users\sanand2\dropbox\myprojects\computer_vision\cascade_trainer\x64\debug\features.obj
c:\users\sanand2\dropbox\myprojects\computer_vision\cascade_trainer\x64\debug\haarfeatures.obj
c:\users\sanand2\dropbox\myprojects\computer_vision\cascade_trainer\x64\debug\hogfeatures.obj
c:\users\sanand2\dropbox\myprojects\computer_vision\cascade_trainer\x64\debug\imagestorage.obj
c:\users\sanand2\dropbox\myprojects\computer_vision\cascade_trainer\x64\debug\lbpfeatures.obj
c:\users\sanand2\dropbox\myprojects\computer_vision\cascade_trainer\x64\debug\old_ml_boost.obj
c:\users\sanand2\dropbox\myprojects\computer_vision\cascade_trainer\x64\debug\old_ml_data.obj
c:\users\sanand2\dropbox\myprojects\computer_vision\cascade_trainer\x64\debug\old_ml_inner_functions.obj
c:\users\sanand2\dropbox\myprojects\computer_vision\cascade_trainer\x64\debug\old_ml_tree.obj
c:\users\sanand2\dropbox\myprojects\computer_vision\cascade_trainer\x64\debug\traincascade.obj
c:\users\sanand2\dropbox\myprojects\computer_vision\cascade_trainer\x64\debug\cascade_trainer.ilk
c:\users\sanand2\dropbox\myprojects\computer_vision\cascade_trainer\x64\debug\cascade_trainer.exe
c:\users\sanand2\dropbox\myprojects\computer_vision\cascade_trainer\x64\debug\cascade_trainer.pdb
c:\users\sanand2\dropbox\myprojects\computer_vision\cascade_trainer\x64\debug\cascade_trainer.tlog\cl.command.1.tlog
c:\users\sanand2\dropbox\myprojects\computer_vision\cascade_trainer\x64\debug\cascade_trainer.tlog\cl.read.1.tlog
c:\users\sanand2\dropbox\myprojects\computer_vision\cascade_trainer\x64\debug\cascade_trainer.tlog\cl.write.1.tlog
c:\users\sanand2\dropbox\myprojects\computer_vision\cascade_trainer\x64\debug\cascade_trainer.tlog\link.command.1.tlog
c:\users\sanand2\dropbox\myprojects\computer_vision\cascade_trainer\x64\debug\cascade_trainer.tlog\link.read.1.tlog
c:\users\sanand2\dropbox\myprojects\computer_vision\cascade_trainer\x64\debug\cascade_trainer.tlog\link.write.1.tlog
